<?xml version="1.0" encoding="UTF-8"?>
<testng-results ignored="0" total="1" passed="1" failed="0" skipped="0">
  <reporter-output>
  </reporter-output>
  <suite started-at="2022-04-21T12:42:20 EET" name="Default suite" finished-at="2022-04-21T12:42:34 EET" duration-ms="14310">
    <groups>
      <group name="cucumber">
        <method signature="AbstractTestNGCucumberTests.runScenario(io.cucumber.testng.PickleWrapper,io.cucumber.testng.FeatureWrapper)[pri:0, instance:cucumberOptions.RestAssuredRunner@15bb5034]" name="runScenario" class="io.cucumber.testng.AbstractTestNGCucumberTests"/>
      </group> <!-- cucumber -->
    </groups>
    <test started-at="2022-04-21T12:42:20 EET" name="Default test" finished-at="2022-04-21T12:42:34 EET" duration-ms="14310">
      <class name="cucumberOptions.RestAssuredRunner">
        <test-method is-config="true" signature="setUpClass()[pri:0, instance:cucumberOptions.RestAssuredRunner@15bb5034]" started-at="2022-04-21T12:42:20 EET" name="setUpClass" finished-at="2022-04-21T12:42:20 EET" duration-ms="539" status="PASS">
          <reporter-output>
          </reporter-output>
        </test-method> <!-- setUpClass -->
        <test-method signature="runScenario(io.cucumber.testng.PickleWrapper,io.cucumber.testng.FeatureWrapper)[pri:0, instance:cucumberOptions.RestAssuredRunner@15bb5034]" started-at="2022-04-21T12:42:20 EET" name="runScenario" description="Runs Cucumber Scenarios" data-provider="scenarios" finished-at="2022-04-21T12:42:34 EET" duration-ms="13449" status="PASS">
          <params>
            <param index="0">
              <value>
                <![CDATA["GET numViews"]]>
              </value>
            </param>
            <param index="1">
              <value>
                <![CDATA["Optional[GET COLOR LOVERS]"]]>
              </value>
            </param>
          </params>
          <reporter-output>
          </reporter-output>
        </test-method> <!-- runScenario -->
        <test-method is-config="true" signature="tearDownClass()[pri:0, instance:cucumberOptions.RestAssuredRunner@15bb5034]" started-at="2022-04-21T12:42:34 EET" name="tearDownClass" finished-at="2022-04-21T12:42:34 EET" duration-ms="287" status="PASS">
          <reporter-output>
          </reporter-output>
        </test-method> <!-- tearDownClass -->
      </class> <!-- cucumberOptions.RestAssuredRunner -->
    </test> <!-- Default test -->
  </suite> <!-- Default suite -->
</testng-results>
